mode: set
github.com/jyggen/go-metron/arc.go:19.35,21.2 1 0
github.com/jyggen/go-metron/arc.go:29.68,31.2 1 1
github.com/jyggen/go-metron/arc.go:33.76,35.2 1 1
github.com/jyggen/go-metron/cache.go:24.58,30.20 4 1
github.com/jyggen/go-metron/cache.go:30.20,33.17 2 1
github.com/jyggen/go-metron/cache.go:33.17,35.4 1 0
github.com/jyggen/go-metron/cache.go:38.2,42.27 3 1
github.com/jyggen/go-metron/cache.go:42.27,43.44 1 0
github.com/jyggen/go-metron/cache.go:43.44,44.63 1 0
github.com/jyggen/go-metron/cache.go:44.63,46.5 1 0
github.com/jyggen/go-metron/cache.go:47.9,49.4 1 0
github.com/jyggen/go-metron/cache.go:52.2,54.16 2 1
github.com/jyggen/go-metron/cache.go:54.16,56.3 1 0
github.com/jyggen/go-metron/cache.go:58.2,58.27 1 1
github.com/jyggen/go-metron/cache.go:58.27,59.41 1 0
github.com/jyggen/go-metron/cache.go:59.41,61.4 1 0
github.com/jyggen/go-metron/cache.go:64.2,64.15 1 1
github.com/jyggen/go-metron/cache.go:69.50,74.16 3 0
github.com/jyggen/go-metron/cache.go:74.16,76.3 1 0
github.com/jyggen/go-metron/cache.go:78.2,82.16 3 0
github.com/jyggen/go-metron/cache.go:82.16,84.3 1 0
github.com/jyggen/go-metron/cache.go:86.2,88.45 2 0
github.com/jyggen/go-metron/cache.go:88.45,90.3 1 0
github.com/jyggen/go-metron/cache.go:92.2,92.36 1 0
github.com/jyggen/go-metron/cache.go:92.36,94.3 1 0
github.com/jyggen/go-metron/cache.go:96.2,96.24 1 0
github.com/jyggen/go-metron/cache.go:99.56,103.2 2 1
github.com/jyggen/go-metron/cache.go:105.50,106.66 1 0
github.com/jyggen/go-metron/cache.go:106.66,108.3 1 0
github.com/jyggen/go-metron/cache.go:110.2,112.9 2 0
github.com/jyggen/go-metron/cache.go:112.9,114.3 1 0
github.com/jyggen/go-metron/cache.go:116.2,122.16 3 0
github.com/jyggen/go-metron/cache.go:122.16,124.3 1 0
github.com/jyggen/go-metron/cache.go:126.2,126.55 1 0
github.com/jyggen/go-metron/cache.go:126.55,128.3 1 0
github.com/jyggen/go-metron/cache.go:130.2,130.12 1 0
github.com/jyggen/go-metron/cache.go:133.40,136.16 2 1
github.com/jyggen/go-metron/cache.go:136.16,138.3 1 0
github.com/jyggen/go-metron/cache.go:140.2,140.47 1 1
github.com/jyggen/go-metron/character.go:23.41,25.2 1 0
github.com/jyggen/go-metron/character.go:33.80,35.2 1 1
github.com/jyggen/go-metron/character.go:37.88,39.2 1 1
github.com/jyggen/go-metron/client.go:39.44,41.2 1 0
github.com/jyggen/go-metron/client.go:43.45,47.45 3 1
github.com/jyggen/go-metron/client.go:47.45,49.3 1 0
github.com/jyggen/go-metron/client.go:51.2,53.12 2 1
github.com/jyggen/go-metron/client.go:68.43,80.33 3 1
github.com/jyggen/go-metron/client.go:80.33,82.3 1 1
github.com/jyggen/go-metron/client.go:84.2,84.10 1 1
github.com/jyggen/go-metron/client.go:87.66,88.25 1 1
github.com/jyggen/go-metron/client.go:88.25,91.3 2 1
github.com/jyggen/go-metron/client.go:94.42,95.25 1 0
github.com/jyggen/go-metron/client.go:95.25,98.3 2 0
github.com/jyggen/go-metron/client.go:101.45,102.25 1 1
github.com/jyggen/go-metron/client.go:102.25,104.3 1 1
github.com/jyggen/go-metron/client.go:107.34,108.25 1 1
github.com/jyggen/go-metron/client.go:108.25,110.3 1 1
github.com/jyggen/go-metron/client.go:113.118,114.41 1 1
github.com/jyggen/go-metron/client.go:114.41,119.17 3 1
github.com/jyggen/go-metron/client.go:119.17,122.4 2 0
github.com/jyggen/go-metron/client.go:124.3,126.7 2 1
github.com/jyggen/go-metron/client.go:126.7,129.18 2 1
github.com/jyggen/go-metron/client.go:129.18,132.5 2 0
github.com/jyggen/go-metron/client.go:134.4,134.35 1 1
github.com/jyggen/go-metron/client.go:134.35,135.23 1 1
github.com/jyggen/go-metron/client.go:135.23,137.6 1 0
github.com/jyggen/go-metron/client.go:140.4,140.25 1 1
github.com/jyggen/go-metron/client.go:140.25,141.10 1 1
github.com/jyggen/go-metron/client.go:144.4,146.18 2 1
github.com/jyggen/go-metron/client.go:146.18,149.5 2 0
github.com/jyggen/go-metron/client.go:151.4,151.17 1 1
github.com/jyggen/go-metron/client.go:156.57,159.22 2 1
github.com/jyggen/go-metron/client.go:159.22,162.14 2 0
github.com/jyggen/go-metron/client.go:162.14,164.4 1 0
github.com/jyggen/go-metron/client.go:166.3,166.24 1 0
github.com/jyggen/go-metron/client.go:169.2,171.16 2 1
github.com/jyggen/go-metron/client.go:171.16,173.3 1 0
github.com/jyggen/go-metron/client.go:175.2,177.37 2 1
github.com/jyggen/go-metron/client.go:177.37,179.3 1 0
github.com/jyggen/go-metron/client.go:181.2,183.16 2 1
github.com/jyggen/go-metron/client.go:183.16,185.3 1 0
github.com/jyggen/go-metron/client.go:187.2,189.15 2 1
github.com/jyggen/go-metron/client.go:192.96,197.16 3 1
github.com/jyggen/go-metron/client.go:197.16,199.3 1 0
github.com/jyggen/go-metron/client.go:201.2,203.28 2 1
github.com/jyggen/go-metron/client.go:203.28,205.3 1 0
github.com/jyggen/go-metron/client.go:207.2,213.16 4 1
github.com/jyggen/go-metron/client.go:213.16,215.3 1 0
github.com/jyggen/go-metron/client.go:217.2,221.25 4 1
github.com/jyggen/go-metron/creator.go:24.39,26.2 1 0
github.com/jyggen/go-metron/creator.go:34.76,36.2 1 1
github.com/jyggen/go-metron/creator.go:38.84,40.2 1 1
github.com/jyggen/go-metron/filter.go:11.50,12.29 1 0
github.com/jyggen/go-metron/filter.go:12.29,14.3 1 0
github.com/jyggen/go-metron/filter.go:17.61,18.29 1 0
github.com/jyggen/go-metron/filter.go:18.29,20.3 1 0
github.com/jyggen/go-metron/filter.go:23.39,24.29 1 0
github.com/jyggen/go-metron/filter.go:24.29,26.3 1 0
github.com/jyggen/go-metron/imprint.go:21.39,23.2 1 0
github.com/jyggen/go-metron/imprint.go:31.76,33.2 1 1
github.com/jyggen/go-metron/imprint.go:35.84,37.2 1 1
github.com/jyggen/go-metron/issue.go:61.37,63.2 1 0
github.com/jyggen/go-metron/issue.go:81.95,83.2 1 1
github.com/jyggen/go-metron/issue.go:85.101,87.2 1 1
github.com/jyggen/go-metron/issue.go:89.101,91.2 1 1
github.com/jyggen/go-metron/issue.go:93.98,95.2 1 1
github.com/jyggen/go-metron/issue.go:97.96,99.2 1 1
github.com/jyggen/go-metron/issue.go:101.72,103.2 1 1
github.com/jyggen/go-metron/issue.go:105.80,107.2 1 1
github.com/jyggen/go-metron/publisher.go:20.41,22.2 1 0
github.com/jyggen/go-metron/publisher.go:30.80,32.2 1 1
github.com/jyggen/go-metron/publisher.go:34.88,36.2 1 1
github.com/jyggen/go-metron/role.go:10.78,12.2 1 1
github.com/jyggen/go-metron/series.go:32.38,34.2 1 0
github.com/jyggen/go-metron/series.go:45.74,47.2 1 1
github.com/jyggen/go-metron/series.go:49.81,51.2 1 1
github.com/jyggen/go-metron/series_type.go:10.90,12.2 1 1
github.com/jyggen/go-metron/team.go:21.36,23.2 1 0
github.com/jyggen/go-metron/team.go:31.70,33.2 1 1
github.com/jyggen/go-metron/team.go:35.78,37.2 1 1
github.com/jyggen/go-metron/universe.go:20.40,22.2 1 0
github.com/jyggen/go-metron/universe.go:30.78,32.2 1 1
github.com/jyggen/go-metron/universe.go:34.86,36.2 1 1
